<?xml version="1.0" encoding="UTF-8"?>
<testng-results skipped="0" failed="0" ignored="1" total="2" passed="1">
  <reporter-output>
  </reporter-output>
  <suite name="Default suite" duration-ms="3702" started-at="2018-09-30T11:40:46Z" finished-at="2018-09-30T11:40:50Z">
    <groups>
    </groups>
    <test name="Default test" duration-ms="3702" started-at="2018-09-30T11:40:46Z" finished-at="2018-09-30T11:40:50Z">
      <class name="com.basic.BasicsOfRestAssured.TestPOSTRequest">
        <test-method status="PASS" signature="testPostWithJsonFile()[pri:0, instance:com.basic.BasicsOfRestAssured.TestPOSTRequest@598067a5]" name="testPostWithJsonFile" duration-ms="3674" started-at="2018-09-30T17:10:46Z" finished-at="2018-09-30T17:10:50Z">
          <reporter-output>
          </reporter-output>
        </test-method> <!-- testPostWithJsonFile -->
      </class> <!-- com.basic.BasicsOfRestAssured.TestPOSTRequest -->
    </test> <!-- Default test -->
  </suite> <!-- Default suite -->
</testng-results>
