<?xml version="1.0" encoding="UTF-8"?>
<!-- Generated by org.testng.reporters.JUnitXMLReporter -->
<testsuite hostname="DESKTOP-EKBA8NT" ignored="1" name="Default test" tests="1" failures="0" timestamp="30 Sep 2018 11:40:50 GMT" time="3.702" errors="0">
  <testcase name="testPostWithJsonFile" time="3.674" classname="com.basic.BasicsOfRestAssured.TestPOSTRequest"/>
  <testcase name="testPost1" time="0.0" classname="com.basic.BasicsOfRestAssured.TestPOSTRequest">
    <ignored/>
  </testcase> <!-- testPost1 -->
</testsuite> <!-- Default test -->
